Build started 4/25/2012 6:36:11 AM.
     1>Project "c:\Users\Wallace\documents\visual studio 2010\Projects\PA11\PA11\PA11.vcxproj" on node 2 (build target(s)).
     1>InitializeBuildStatus:
         Creating "Debug\PA11.unsuccessfulbuild" because "AlwaysCreate" was specified.
       ClCompile:
         All outputs are up-to-date.
       Link:
         C:\Program Files (x86)\Microsoft Visual Studio 10.0\VC\bin\link.exe /ERRORREPORT:PROMPT /OUT:"c:\users\wallace\documents\visual studio 2010\Projects\PA11\Debug\PA11.exe" /NOLOGO kernel32.lib user32.lib gdi32.lib winspool.lib comdlg32.lib advapi32.lib shell32.lib ole32.lib oleaut32.lib uuid.lib odbc32.lib odbccp32.lib /MANIFEST /ManifestFile:"Debug\PA11.exe.intermediate.manifest" /MANIFESTUAC:"level='asInvoker' uiAccess='false'" /DEBUG /PDB:"c:\users\wallace\documents\visual studio 2010\Projects\PA11\Debug\PA11.pdb" /TLBID:1 /DYNAMICBASE /NXCOMPAT /IMPLIB:"c:\users\wallace\documents\visual studio 2010\Projects\PA11\Debug\PA11.lib" /MACHINE:X86 Debug\ErrorCheck.obj
         Debug\Main.obj
         Debug\Print.obj
         Debug\Transpose.obj
         LINK : c:\users\wallace\documents\visual studio 2010\Projects\PA11\Debug\PA11.exe not found or not built by the last incremental link; performing full link
         PA11.vcxproj -> c:\users\wallace\documents\visual studio 2010\Projects\PA11\Debug\PA11.exe
       Manifest:
         C:\Program Files (x86)\Microsoft SDKs\Windows\v7.0A\bin\mt.exe /nologo /verbose /outputresource:"c:\users\wallace\documents\visual studio 2010\Projects\PA11\Debug\PA11.exe;#1" /manifest Debug\PA11.exe.intermediate.manifest
       FinalizeBuildStatus:
         Deleting file "Debug\PA11.unsuccessfulbuild".
         Touching "Debug\PA11.lastbuildstate".
     1>Done Building Project "c:\Users\Wallace\documents\visual studio 2010\Projects\PA11\PA11\PA11.vcxproj" (build target(s)).

Build succeeded.

Time Elapsed 00:00:00.18
