Build started 1/22/2012 7:38:37 AM.
     1>Project "C:\Users\Wallace\Documents\Visual Studio 2010\Projects\binary\binary\binary.vcxproj" on node 2 (build target(s)).
     1>InitializeBuildStatus:
         Creating "Debug\binary.unsuccessfulbuild" because "AlwaysCreate" was specified.
       ClCompile:
         C:\Program Files (x86)\Microsoft Visual Studio 10.0\VC\bin\CL.exe /c /ZI /nologo /W3 /WX- /Od /Oy- /D _MBCS /Gm /EHsc /RTC1 /MDd /GS /fp:precise /Zc:wchar_t /Zc:forScope /Fo"Debug\\" /Fd"Debug\vc100.pdb" /Gd /TP /analyze- /errorReport:prompt binary.cpp
         binary.cpp
     1>c:\users\wallace\documents\visual studio 2010\projects\binary\binary\binary.cpp(40): warning C4244: 'argument' : conversion from 'double' to 'unsigned int', possible loss of data
     1>c:\users\wallace\documents\visual studio 2010\projects\binary\binary\binary.cpp(40): warning C4244: 'argument' : conversion from 'double' to 'unsigned int', possible loss of data
       Link:
         C:\Program Files (x86)\Microsoft Visual Studio 10.0\VC\bin\link.exe /ERRORREPORT:PROMPT /OUT:"C:\Users\Wallace\Documents\Visual Studio 2010\Projects\binary\Debug\binary.exe" /NOLOGO kernel32.lib user32.lib gdi32.lib winspool.lib comdlg32.lib advapi32.lib shell32.lib ole32.lib oleaut32.lib uuid.lib odbc32.lib odbccp32.lib /MANIFEST /ManifestFile:"Debug\binary.exe.intermediate.manifest" /MANIFESTUAC:"level='asInvoker' uiAccess='false'" /DEBUG /PDB:"C:\Users\Wallace\Documents\Visual Studio 2010\Projects\binary\Debug\binary.pdb" /TLBID:1 /DYNAMICBASE /NXCOMPAT /IMPLIB:"C:\Users\Wallace\Documents\Visual Studio 2010\Projects\binary\Debug\binary.lib" /MACHINE:X86 Debug\binary.obj
         LINK : C:\Users\Wallace\Documents\Visual Studio 2010\Projects\binary\Debug\binary.exe not found or not built by the last incremental link; performing full link
         binary.vcxproj -> C:\Users\Wallace\Documents\Visual Studio 2010\Projects\binary\Debug\binary.exe
       Manifest:
         C:\Program Files (x86)\Microsoft SDKs\Windows\v7.0A\bin\mt.exe /nologo /verbose /outputresource:"C:\Users\Wallace\Documents\Visual Studio 2010\Projects\binary\Debug\binary.exe;#1" /manifest Debug\binary.exe.intermediate.manifest
       FinalizeBuildStatus:
         Deleting file "Debug\binary.unsuccessfulbuild".
         Touching "Debug\binary.lastbuildstate".
     1>Done Building Project "C:\Users\Wallace\Documents\Visual Studio 2010\Projects\binary\binary\binary.vcxproj" (build target(s)).

Build succeeded.

Time Elapsed 00:00:00.45
