Build started 3/15/2012 9:08:19 AM.
     1>Project "c:\Users\Wallace\documents\visual studio 2010\Projects\2DimArray2\2DimArray2\2DimArray2.vcxproj" on node 2 (build target(s)).
     1>InitializeBuildStatus:
         Touching "Debug\2DimArray2.unsuccessfulbuild".
       ClCompile:
         C:\Program Files (x86)\Microsoft Visual Studio 10.0\VC\bin\CL.exe /c /ZI /nologo /W3 /WX- /Od /Oy- /D _MBCS /Gm /EHsc /RTC1 /MDd /GS /fp:precise /Zc:wchar_t /Zc:forScope /Fo"Debug\\" /Fd"Debug\vc100.pdb" /Gd /TP /analyze- /errorReport:prompt AddArray.cpp
         AddArray.cpp
       Link:
         C:\Program Files (x86)\Microsoft Visual Studio 10.0\VC\bin\link.exe /ERRORREPORT:PROMPT /OUT:"c:\users\wallace\documents\visual studio 2010\Projects\2DimArray2\Debug\2DimArray2.exe" /NOLOGO kernel32.lib user32.lib gdi32.lib winspool.lib comdlg32.lib advapi32.lib shell32.lib ole32.lib oleaut32.lib uuid.lib odbc32.lib odbccp32.lib /MANIFEST /ManifestFile:"Debug\2DimArray2.exe.intermediate.manifest" /MANIFESTUAC:"level='asInvoker' uiAccess='false'" /DEBUG /PDB:"c:\users\wallace\documents\visual studio 2010\Projects\2DimArray2\Debug\2DimArray2.pdb" /TLBID:1 /DYNAMICBASE /NXCOMPAT /IMPLIB:"c:\users\wallace\documents\visual studio 2010\Projects\2DimArray2\Debug\2DimArray2.lib" /MACHINE:X86 Debug\2DimArray2.obj
         Debug\AddArray.obj
         Debug\CreateB.obj
         Debug\CreateC.obj
         Debug\CreateD.obj
         Debug\PrintArray.obj
         LINK : c:\users\wallace\documents\visual studio 2010\Projects\2DimArray2\Debug\2DimArray2.exe not found or not built by the last incremental link; performing full link
         2DimArray2.vcxproj -> c:\users\wallace\documents\visual studio 2010\Projects\2DimArray2\Debug\2DimArray2.exe
       Manifest:
         C:\Program Files (x86)\Microsoft SDKs\Windows\v7.0A\bin\mt.exe /nologo /verbose /outputresource:"c:\users\wallace\documents\visual studio 2010\Projects\2DimArray2\Debug\2DimArray2.exe;#1" /manifest Debug\2DimArray2.exe.intermediate.manifest
       FinalizeBuildStatus:
         Deleting file "Debug\2DimArray2.unsuccessfulbuild".
         Touching "Debug\2DimArray2.lastbuildstate".
     1>Done Building Project "c:\Users\Wallace\documents\visual studio 2010\Projects\2DimArray2\2DimArray2\2DimArray2.vcxproj" (build target(s)).

Build succeeded.

Time Elapsed 00:00:00.27
