Build started 2/4/2012 6:24:38 PM.
     1>Project "c:\Users\Wallace\documents\visual studio 2010\Projects\Array\Array\Array.vcxproj" on node 2 (build target(s)).
     1>InitializeBuildStatus:
         Creating "Debug\Array.unsuccessfulbuild" because "AlwaysCreate" was specified.
       ClCompile:
         C:\Program Files (x86)\Microsoft Visual Studio 10.0\VC\bin\CL.exe /c /ZI /nologo /W3 /WX- /Od /Oy- /D _MBCS /Gm /EHsc /RTC1 /MDd /GS /fp:precise /Zc:wchar_t /Zc:forScope /Fo"Debug\\" /Fd"Debug\vc100.pdb" /Gd /TP /analyze- /errorReport:prompt Array.cpp add.cpp mult.cpp split.cpp write.cpp
         write.cpp
         split.cpp
         mult.cpp
         add.cpp
         Array.cpp
         Generating Code...
       Link:
         C:\Program Files (x86)\Microsoft Visual Studio 10.0\VC\bin\link.exe /ERRORREPORT:PROMPT /OUT:"c:\users\wallace\documents\visual studio 2010\Projects\Array\Debug\Array.exe" /NOLOGO kernel32.lib user32.lib gdi32.lib winspool.lib comdlg32.lib advapi32.lib shell32.lib ole32.lib oleaut32.lib uuid.lib odbc32.lib odbccp32.lib /MANIFEST /ManifestFile:"Debug\Array.exe.intermediate.manifest" /MANIFESTUAC:"level='asInvoker' uiAccess='false'" /DEBUG /PDB:"c:\users\wallace\documents\visual studio 2010\Projects\Array\Debug\Array.pdb" /TLBID:1 /DYNAMICBASE /NXCOMPAT /IMPLIB:"c:\users\wallace\documents\visual studio 2010\Projects\Array\Debug\Array.lib" /MACHINE:X86 Debug\add.obj
         Debug\Array.obj
         Debug\mult.obj
         Debug\split.obj
         Debug\write.obj
         LINK : c:\users\wallace\documents\visual studio 2010\Projects\Array\Debug\Array.exe not found or not built by the last incremental link; performing full link
         Array.vcxproj -> c:\users\wallace\documents\visual studio 2010\Projects\Array\Debug\Array.exe
       Manifest:
         C:\Program Files (x86)\Microsoft SDKs\Windows\v7.0A\bin\mt.exe /nologo /verbose /outputresource:"c:\users\wallace\documents\visual studio 2010\Projects\Array\Debug\Array.exe;#1" /manifest Debug\Array.exe.intermediate.manifest
       FinalizeBuildStatus:
         Deleting file "Debug\Array.unsuccessfulbuild".
         Touching "Debug\Array.lastbuildstate".
     1>Done Building Project "c:\Users\Wallace\documents\visual studio 2010\Projects\Array\Array\Array.vcxproj" (build target(s)).

Build succeeded.

Time Elapsed 00:00:00.85
