Build started 1/26/2012 5:13:26 PM.
     1>Project "C:\Users\Wallace\Documents\Visual Studio 2010\Projects\sin\sin\sin.vcxproj" on node 2 (build target(s)).
     1>InitializeBuildStatus:
         Creating "Debug\sin.unsuccessfulbuild" because "AlwaysCreate" was specified.
       ClCompile:
         C:\Program Files (x86)\Microsoft Visual Studio 10.0\VC\bin\CL.exe /c /ZI /nologo /W3 /WX- /Od /Oy- /D _MBCS /Gm /EHsc /RTC1 /MDd /GS /fp:precise /Zc:wchar_t /Zc:forScope /Fo"Debug\\" /Fd"Debug\vc100.pdb" /Gd /TP /analyze- /errorReport:prompt sin.cpp
         sin.cpp
     1>c:\users\wallace\documents\visual studio 2010\projects\sin\sin\sin.cpp(34): warning C4244: 'initializing' : conversion from 'double' to 'int', possible loss of data
     1>c:\users\wallace\documents\visual studio 2010\projects\sin\sin\sin.cpp(42): warning C4244: '=' : conversion from 'double' to 'int', possible loss of data
     1>c:\users\wallace\documents\visual studio 2010\projects\sin\sin\sin.cpp(48): warning C4244: '=' : conversion from 'double' to 'int', possible loss of data
     1>c:\users\wallace\documents\visual studio 2010\projects\sin\sin\sin.cpp(18): warning C4101: 'temp' : unreferenced local variable
       Link:
         C:\Program Files (x86)\Microsoft Visual Studio 10.0\VC\bin\link.exe /ERRORREPORT:PROMPT /OUT:"C:\Users\Wallace\Documents\Visual Studio 2010\Projects\sin\Debug\sin.exe" /NOLOGO kernel32.lib user32.lib gdi32.lib winspool.lib comdlg32.lib advapi32.lib shell32.lib ole32.lib oleaut32.lib uuid.lib odbc32.lib odbccp32.lib /MANIFEST /ManifestFile:"Debug\sin.exe.intermediate.manifest" /MANIFESTUAC:"level='asInvoker' uiAccess='false'" /DEBUG /PDB:"C:\Users\Wallace\Documents\Visual Studio 2010\Projects\sin\Debug\sin.pdb" /TLBID:1 /DYNAMICBASE /NXCOMPAT /IMPLIB:"C:\Users\Wallace\Documents\Visual Studio 2010\Projects\sin\Debug\sin.lib" /MACHINE:X86 Debug\sin.obj
         LINK : C:\Users\Wallace\Documents\Visual Studio 2010\Projects\sin\Debug\sin.exe not found or not built by the last incremental link; performing full link
         sin.vcxproj -> C:\Users\Wallace\Documents\Visual Studio 2010\Projects\sin\Debug\sin.exe
       Manifest:
         C:\Program Files (x86)\Microsoft SDKs\Windows\v7.0A\bin\mt.exe /nologo /verbose /outputresource:"C:\Users\Wallace\Documents\Visual Studio 2010\Projects\sin\Debug\sin.exe;#1" /manifest Debug\sin.exe.intermediate.manifest
       FinalizeBuildStatus:
         Deleting file "Debug\sin.unsuccessfulbuild".
         Touching "Debug\sin.lastbuildstate".
     1>Done Building Project "C:\Users\Wallace\Documents\Visual Studio 2010\Projects\sin\sin\sin.vcxproj" (build target(s)).

Build succeeded.

Time Elapsed 00:00:00.72
