Build started 2/5/2012 9:02:15 AM.
     1>Project "c:\Users\Wallace\documents\visual studio 2010\Projects\VectorSort\VectorSort\VectorSort.vcxproj" on node 2 (build target(s)).
     1>InitializeBuildStatus:
         Creating "Debug\VectorSort.unsuccessfulbuild" because "AlwaysCreate" was specified.
       ClCompile:
         C:\Program Files (x86)\Microsoft Visual Studio 10.0\VC\bin\CL.exe /c /ZI /nologo /W3 /WX- /Od /Oy- /D _MBCS /Gm /EHsc /RTC1 /MDd /GS /fp:precise /Zc:wchar_t /Zc:forScope /Fo"Debug\\" /Fd"Debug\vc100.pdb" /Gd /TP /analyze- /errorReport:prompt VectorSort.cpp
         VectorSort.cpp
     1>c:\users\wallace\documents\visual studio 2010\projects\vectorsort\vectorsort\vectorsort.cpp(20): warning C4018: '<' : signed/unsigned mismatch
     1>c:\users\wallace\documents\visual studio 2010\projects\vectorsort\vectorsort\vectorsort.cpp(25): warning C4018: '<' : signed/unsigned mismatch
       Link:
         C:\Program Files (x86)\Microsoft Visual Studio 10.0\VC\bin\link.exe /ERRORREPORT:PROMPT /OUT:"c:\users\wallace\documents\visual studio 2010\Projects\VectorSort\Debug\VectorSort.exe" /NOLOGO kernel32.lib user32.lib gdi32.lib winspool.lib comdlg32.lib advapi32.lib shell32.lib ole32.lib oleaut32.lib uuid.lib odbc32.lib odbccp32.lib /MANIFEST /ManifestFile:"Debug\VectorSort.exe.intermediate.manifest" /MANIFESTUAC:"level='asInvoker' uiAccess='false'" /DEBUG /PDB:"c:\users\wallace\documents\visual studio 2010\Projects\VectorSort\Debug\VectorSort.pdb" /TLBID:1 /DYNAMICBASE /NXCOMPAT /IMPLIB:"c:\users\wallace\documents\visual studio 2010\Projects\VectorSort\Debug\VectorSort.lib" /MACHINE:X86 Debug\VectorSort.obj
         LINK : c:\users\wallace\documents\visual studio 2010\Projects\VectorSort\Debug\VectorSort.exe not found or not built by the last incremental link; performing full link
         VectorSort.vcxproj -> c:\users\wallace\documents\visual studio 2010\Projects\VectorSort\Debug\VectorSort.exe
       Manifest:
         C:\Program Files (x86)\Microsoft SDKs\Windows\v7.0A\bin\mt.exe /nologo /verbose /outputresource:"c:\users\wallace\documents\visual studio 2010\Projects\VectorSort\Debug\VectorSort.exe;#1" /manifest Debug\VectorSort.exe.intermediate.manifest
       FinalizeBuildStatus:
         Deleting file "Debug\VectorSort.unsuccessfulbuild".
         Touching "Debug\VectorSort.lastbuildstate".
     1>Done Building Project "c:\Users\Wallace\documents\visual studio 2010\Projects\VectorSort\VectorSort\VectorSort.vcxproj" (build target(s)).

Build succeeded.

Time Elapsed 00:00:00.55
